Using pre-set license
Built from '2020.3/staging' branch; Version is '2020.3.8f1 (507919d4fff5) revision 5273881'; Using compiler version '192528614'; Build Type 'Release'
OS: 'Windows 10 Pro; OS build 19042.985; Version 2009; 64bit' Language: 'pt' Physical Memory: 32697 MB
BatchMode: 1, IsHumanControllingUs: 0, StartBugReporterOnCrash: 0, Is64bit: 1, IsPro: 0

 COMMAND LINE ARGUMENTS:
C:\Program Files\Unity\Hub\Editor\2020.3.8f1\Editor\Unity.exe
-adb2
-batchMode
-noUpm
-name
AssetImportWorker1
-projectPath
H:/IESB/PI 3º SEMESTRE/Projeto Integrador
-logFile
Logs/AssetImportWorker1.log
-srvPort
57415
Successfully changed project path to: H:/IESB/PI 3º SEMESTRE/Projeto Integrador
H:/IESB/PI 3º SEMESTRE/Projeto Integrador
Using Asset Import Pipeline V2.
Refreshing native plugins compatible for Editor in 35.10 ms, found 1 plugins.
Preloading 0 native plugins for Editor in 0.00 ms.
Initialize engine version: 2020.3.8f1 (507919d4fff5)
[Subsystems] Discovering subsystems at path C:/Program Files/Unity/Hub/Editor/2020.3.8f1/Editor/Data/Resources/UnitySubsystems
[Subsystems] Discovering subsystems at path H:/IESB/PI 3º SEMESTRE/Projeto Integrador/Assets
GfxDevice: creating device client; threaded=0
Direct3D:
    Version:  Direct3D 11.0 [level 11.1]
    Renderer: NVIDIA GeForce GTX 1650 SUPER (ID=0x2187)
    Vendor:   
    VRAM:     3955 MB
    Driver:   27.21.14.6627
Initialize mono
Mono path[0] = 'C:/Program Files/Unity/Hub/Editor/2020.3.8f1/Editor/Data/Managed'
Mono path[1] = 'C:/Program Files/Unity/Hub/Editor/2020.3.8f1/Editor/Data/MonoBleedingEdge/lib/mono/unityjit'
Mono config path = 'C:/Program Files/Unity/Hub/Editor/2020.3.8f1/Editor/Data/MonoBleedingEdge/etc'
Using monoOptions --debugger-agent=transport=dt_socket,embedding=1,server=y,suspend=n,address=127.0.0.1:56084
Begin MonoManager ReloadAssembly
Registering precompiled unity dll's ...
Register platform support module: C:/Program Files/Unity/Hub/Editor/2020.3.8f1/Editor/Data/PlaybackEngines/WindowsStandaloneSupport/UnityEditor.WindowsStandalone.Extensions.dll
Registered in 0.001659 seconds.
Native extension for WindowsStandalone target not found
Refreshing native plugins compatible for Editor in 33.82 ms, found 1 plugins.
Preloading 0 native plugins for Editor in 0.00 ms.
Mono: successfully reloaded assembly
- Completed reload, in  2.012 seconds
Platform modules already initialized, skipping
Registering precompiled user dll's ...
Registered in 0.001512 seconds.
Begin MonoManager ReloadAssembly
Native extension for WindowsStandalone target not found
Refreshing native plugins compatible for Editor in 33.56 ms, found 1 plugins.
Preloading 0 native plugins for Editor in 0.00 ms.
Mono: successfully reloaded assembly
- Completed reload, in  0.777 seconds
Platform modules already initialized, skipping
========================================================================
Worker process is ready to serve import requests
Launched and connected shader compiler UnityShaderCompiler.exe after 0.07 seconds
Refreshing native plugins compatible for Editor in 0.51 ms, found 1 plugins.
Preloading 0 native plugins for Editor in 0.00 ms.
Unloading 1830 Unused Serialized files (Serialized files now loaded: 0)
System memory in use before: 86.1 MB.
System memory in use after: 86.1 MB.

Unloading 26 unused Assets to reduce memory usage. Loaded Objects now: 2280.
Total: 1.845900 ms (FindLiveObjects: 0.180400 ms CreateObjectMapping: 0.041200 ms MarkObjects: 1.505300 ms  DeleteObjects: 0.118000 ms)

========================================================================
Received Import Request.
  path: Assets/Resources/andando.wav
  artifactKey: Guid(a0c8c8326c9d7b7478d7b7bd5fa4beb1) Importer(815301076,1909f56bfc062723c751e8b465ee728b)
Start importing Assets/Resources/andando.wav using Guid(a0c8c8326c9d7b7478d7b7bd5fa4beb1) Importer(815301076,1909f56bfc062723c751e8b465ee728b)  -> (artifact id: '41cb50e562bb73e2cd80cd82ad4a7f09') in 0.104472 seconds
  Import took 0.107264 seconds .

========================================================================
Received Import Request.
  Time since last request: 0.000272 seconds.
  path: Assets/Resources/morte.wav
  artifactKey: Guid(e957f0f3836dbfe4ab4de398a4978828) Importer(815301076,1909f56bfc062723c751e8b465ee728b)
Start importing Assets/Resources/morte.wav using Guid(e957f0f3836dbfe4ab4de398a4978828) Importer(815301076,1909f56bfc062723c751e8b465ee728b)  -> (artifact id: '7bcdb8beecaa32f83a2dae27aaf243c8') in 0.013260 seconds
  Import took 0.015928 seconds .

========================================================================
Received Import Request.
  Time since last request: 0.000187 seconds.
  path: Assets/Resources/espinho.flac
  artifactKey: Guid(e8f7393d423ad1d4fa350d0a7f50489d) Importer(815301076,1909f56bfc062723c751e8b465ee728b)
Start importing Assets/Resources/espinho.flac using Guid(e8f7393d423ad1d4fa350d0a7f50489d) Importer(815301076,1909f56bfc062723c751e8b465ee728b)  -> (artifact id: 'c023026ca14b278cec228d738fdfb9f2') in 0.014916 seconds
  Import took 0.017638 seconds .

========================================================================
Received Import Request.
  Time since last request: 0.000163 seconds.
  path: Assets/Resources/idle.flac
  artifactKey: Guid(a477212f9cf252e4498727c4474c66a0) Importer(815301076,1909f56bfc062723c751e8b465ee728b)
Start importing Assets/Resources/idle.flac using Guid(a477212f9cf252e4498727c4474c66a0) Importer(815301076,1909f56bfc062723c751e8b465ee728b)  -> (artifact id: 'dab7d4a6ef477fa0a34afd47ea4cf9c4') in 0.010053 seconds
  Import took 0.012830 seconds .

========================================================================
Received Import Request.
  Time since last request: 8.712137 seconds.
  path: Assets/Resources/pulo.flac
  artifactKey: Guid(e48fa3af82e581b4fabf7d4d143b0f43) Importer(815301076,1909f56bfc062723c751e8b465ee728b)
Start importing Assets/Resources/pulo.flac using Guid(e48fa3af82e581b4fabf7d4d143b0f43) Importer(815301076,1909f56bfc062723c751e8b465ee728b)  -> (artifact id: '65d6702c832b7d551ad526ef5036e248') in 0.006607 seconds
  Import took 0.009293 seconds .

========================================================================
Received Import Request.
  Time since last request: 0.004846 seconds.
  path: Assets/Resources/pulo.flac
  artifactKey: Guid(e48fa3af82e581b4fabf7d4d143b0f43) Importer(815301076,1909f56bfc062723c751e8b465ee728b)
Start importing Assets/Resources/pulo.flac using Guid(e48fa3af82e581b4fabf7d4d143b0f43) Importer(815301076,1909f56bfc062723c751e8b465ee728b)  -> (artifact id: '65d6702c832b7d551ad526ef5036e248') in 0.002410 seconds
  Import took 0.004481 seconds .

========================================================================
Received Import Request.
  Time since last request: 8.708449 seconds.
  path: Assets/Resources/dano.flac
  artifactKey: Guid(4facdc06bb16b5f44a231d265a08cdb9) Importer(815301076,1909f56bfc062723c751e8b465ee728b)
Start importing Assets/Resources/dano.flac using Guid(4facdc06bb16b5f44a231d265a08cdb9) Importer(815301076,1909f56bfc062723c751e8b465ee728b)  -> (artifact id: 'e6dcc6c2cc4eea859fa28612f9e1c520') in 0.006787 seconds
  Import took 0.009764 seconds .

========================================================================
Received Import Request.
  Time since last request: 0.001693 seconds.
  path: Assets/Resources/dano.flac
  artifactKey: Guid(4facdc06bb16b5f44a231d265a08cdb9) Importer(815301076,1909f56bfc062723c751e8b465ee728b)
Start importing Assets/Resources/dano.flac using Guid(4facdc06bb16b5f44a231d265a08cdb9) Importer(815301076,1909f56bfc062723c751e8b465ee728b)  -> (artifact id: 'e6dcc6c2cc4eea859fa28612f9e1c520') in 0.002257 seconds
  Import took 0.005121 seconds .

========================================================================
Received Import Request.
  Time since last request: 405.896150 seconds.
  path: Assets/Resources/244266__unfa__unfa-s-menu-sounds (mp3cut.net).flac
  artifactKey: Guid(d0e0105dc132c8f4691f17b05602bcbb) Importer(815301076,1909f56bfc062723c751e8b465ee728b)
Start importing Assets/Resources/244266__unfa__unfa-s-menu-sounds (mp3cut.net).flac using Guid(d0e0105dc132c8f4691f17b05602bcbb) Importer(815301076,1909f56bfc062723c751e8b465ee728b)  -> (artifact id: 'edd1a61b4dcef2fb7c0500c8aacd7756') in 0.006488 seconds
  Import took 0.009461 seconds .

========================================================================
Received Import Request.
  Time since last request: 0.002916 seconds.
  path: Assets/Resources/244266__unfa__unfa-s-menu-sounds (mp3cut.net).flac
  artifactKey: Guid(d0e0105dc132c8f4691f17b05602bcbb) Importer(815301076,1909f56bfc062723c751e8b465ee728b)
Start importing Assets/Resources/244266__unfa__unfa-s-menu-sounds (mp3cut.net).flac using Guid(d0e0105dc132c8f4691f17b05602bcbb) Importer(815301076,1909f56bfc062723c751e8b465ee728b)  -> (artifact id: 'edd1a61b4dcef2fb7c0500c8aacd7756') in 0.002444 seconds
  Import took 0.005162 seconds .

========================================================================
Received Import Request.
  Time since last request: 19.264953 seconds.
  path: Assets/Resources/244266__unfa__unfa-s-menu-sounds (mp3cut.net).flac
  artifactKey: Guid(d0e0105dc132c8f4691f17b05602bcbb) Importer(815301076,1909f56bfc062723c751e8b465ee728b)
Start importing Assets/Resources/244266__unfa__unfa-s-menu-sounds (mp3cut.net).flac using Guid(d0e0105dc132c8f4691f17b05602bcbb) Importer(815301076,1909f56bfc062723c751e8b465ee728b)  -> (artifact id: '29573702658dbafe6b10a8079055b1c2') in 0.002294 seconds
  Import took 0.004865 seconds .

========================================================================
Received Import Request.
  Time since last request: 0.001191 seconds.
  path: Assets/Resources/244266__unfa__unfa-s-menu-sounds (mp3cut.net).flac
  artifactKey: Guid(d0e0105dc132c8f4691f17b05602bcbb) Importer(815301076,1909f56bfc062723c751e8b465ee728b)
Start importing Assets/Resources/244266__unfa__unfa-s-menu-sounds (mp3cut.net).flac using Guid(d0e0105dc132c8f4691f17b05602bcbb) Importer(815301076,1909f56bfc062723c751e8b465ee728b)  -> (artifact id: '29573702658dbafe6b10a8079055b1c2') in 0.002171 seconds
  Import took 0.004763 seconds .

========================================================================
Received Import Request.
  Time since last request: 135.078505 seconds.
  path: Assets/Resources/244266__unfa__unfa-s-menu-sounds-[AudioTrimmer.com].flac
  artifactKey: Guid(88762561718e86f4f968549efd8a2ab1) Importer(815301076,1909f56bfc062723c751e8b465ee728b)
Start importing Assets/Resources/244266__unfa__unfa-s-menu-sounds-[AudioTrimmer.com].flac using Guid(88762561718e86f4f968549efd8a2ab1) Importer(815301076,1909f56bfc062723c751e8b465ee728b)  -> (artifact id: 'f8d3b70bcfebfccb1eef07e7bb17b8a3') in 0.011680 seconds
  Import took 0.014679 seconds .

========================================================================
Received Import Request.
  Time since last request: 0.001182 seconds.
  path: Assets/Resources/244266__unfa__unfa-s-menu-sounds-[AudioTrimmer.com].flac
  artifactKey: Guid(88762561718e86f4f968549efd8a2ab1) Importer(815301076,1909f56bfc062723c751e8b465ee728b)
Start importing Assets/Resources/244266__unfa__unfa-s-menu-sounds-[AudioTrimmer.com].flac using Guid(88762561718e86f4f968549efd8a2ab1) Importer(815301076,1909f56bfc062723c751e8b465ee728b)  -> (artifact id: 'f8d3b70bcfebfccb1eef07e7bb17b8a3') in 0.006691 seconds
  Import took 0.009735 seconds .

========================================================================
Received Import Request.
  Time since last request: 118.423691 seconds.
  path: Assets/Resources/dano.flac
  artifactKey: Guid(4facdc06bb16b5f44a231d265a08cdb9) Importer(815301076,1909f56bfc062723c751e8b465ee728b)
Start importing Assets/Resources/dano.flac using Guid(4facdc06bb16b5f44a231d265a08cdb9) Importer(815301076,1909f56bfc062723c751e8b465ee728b)  -> (artifact id: '32e965988e33ea5148ba99bd74da133c') in 0.009373 seconds
  Import took 0.012327 seconds .

========================================================================
Received Import Request.
  Time since last request: 0.000167 seconds.
  path: Assets/Resources/pulo.flac
  artifactKey: Guid(e48fa3af82e581b4fabf7d4d143b0f43) Importer(815301076,1909f56bfc062723c751e8b465ee728b)
Start importing Assets/Resources/pulo.flac using Guid(e48fa3af82e581b4fabf7d4d143b0f43) Importer(815301076,1909f56bfc062723c751e8b465ee728b)  -> (artifact id: '32e1f792bb64f36abb0fe8c50783cbc7') in 0.005566 seconds
  Import took 0.008019 seconds .

========================================================================
Received Import Request.
  Time since last request: 110.658914 seconds.
  path: Assets/Scripts/controleSons.cs
  artifactKey: Guid(6be1cfb47d0705d4ab8c08b58e855c74) Importer(815301076,1909f56bfc062723c751e8b465ee728b)
Start importing Assets/Scripts/controleSons.cs using Guid(6be1cfb47d0705d4ab8c08b58e855c74) Importer(815301076,1909f56bfc062723c751e8b465ee728b)  -> (artifact id: '9ffd9a918fc1e1bda6d2940c59263f4d') in 0.009033 seconds
  Import took 0.011998 seconds .

========================================================================
Received Import Request.
  Time since last request: 0.002677 seconds.
  path: Assets/Scripts/controleSons.cs
  artifactKey: Guid(6be1cfb47d0705d4ab8c08b58e855c74) Importer(815301076,1909f56bfc062723c751e8b465ee728b)
Start importing Assets/Scripts/controleSons.cs using Guid(6be1cfb47d0705d4ab8c08b58e855c74) Importer(815301076,1909f56bfc062723c751e8b465ee728b)  -> (artifact id: '9ffd9a918fc1e1bda6d2940c59263f4d') in 0.001962 seconds
  Import took 0.004883 seconds .

========================================================================
Received Prepare
Registering precompiled user dll's ...
Registered in 0.001449 seconds.
Begin MonoManager ReloadAssembly
Native extension for WindowsStandalone target not found
Refreshing native plugins compatible for Editor in 0.42 ms, found 1 plugins.
Preloading 0 native plugins for Editor in 0.00 ms.
Mono: successfully reloaded assembly
- Completed reload, in  0.753 seconds
Platform modules already initialized, skipping
Refreshing native plugins compatible for Editor in 0.43 ms, found 1 plugins.
Preloading 0 native plugins for Editor in 0.00 ms.
Unloading 1826 Unused Serialized files (Serialized files now loaded: 0)
System memory in use before: 89.2 MB.
System memory in use after: 89.2 MB.

Unloading 14 unused Assets to reduce memory usage. Loaded Objects now: 2294.
Total: 1.829300 ms (FindLiveObjects: 0.188800 ms CreateObjectMapping: 0.039400 ms MarkObjects: 1.504900 ms  DeleteObjects: 0.095400 ms)

========================================================================
Received Prepare
Registering precompiled user dll's ...
Registered in 0.001983 seconds.
Begin MonoManager ReloadAssembly
Native extension for WindowsStandalone target not found
Refreshing native plugins compatible for Editor in 0.42 ms, found 1 plugins.
Preloading 0 native plugins for Editor in 0.00 ms.
Mono: successfully reloaded assembly
- Completed reload, in  0.728 seconds
Platform modules already initialized, skipping
Refreshing native plugins compatible for Editor in 0.42 ms, found 1 plugins.
Preloading 0 native plugins for Editor in 0.00 ms.
Unloading 1826 Unused Serialized files (Serialized files now loaded: 0)
System memory in use before: 89.2 MB.
System memory in use after: 89.2 MB.

Unloading 14 unused Assets to reduce memory usage. Loaded Objects now: 2298.
Total: 1.767500 ms (FindLiveObjects: 0.169700 ms CreateObjectMapping: 0.039500 ms MarkObjects: 1.461000 ms  DeleteObjects: 0.096300 ms)

========================================================================
Received Import Request.
  Time since last request: 132.358961 seconds.
  path: Assets/Scripts/controleSons.cs
  artifactKey: Guid(6be1cfb47d0705d4ab8c08b58e855c74) Importer(815301076,1909f56bfc062723c751e8b465ee728b)
Start importing Assets/Scripts/controleSons.cs using Guid(6be1cfb47d0705d4ab8c08b58e855c74) Importer(815301076,1909f56bfc062723c751e8b465ee728b)  -> (artifact id: 'ecf5e023ea47668740d2d69a40f15d1a') in 0.004275 seconds
  Import took 0.006661 seconds .

========================================================================
Received Import Request.
  Time since last request: 50.139102 seconds.
  path: Assets/Resources/spark.wav
  artifactKey: Guid(b9ae941f647e61b4ca77a02b89911ec7) Importer(815301076,1909f56bfc062723c751e8b465ee728b)
Start importing Assets/Resources/spark.wav using Guid(b9ae941f647e61b4ca77a02b89911ec7) Importer(815301076,1909f56bfc062723c751e8b465ee728b)  -> (artifact id: 'c582887fc4a4733cb9bc269d77de86a1') in 0.038530 seconds
  Import took 0.041297 seconds .

========================================================================
Received Prepare
Registering precompiled user dll's ...
Registered in 0.001422 seconds.
Begin MonoManager ReloadAssembly
Native extension for WindowsStandalone target not found
Refreshing native plugins compatible for Editor in 0.43 ms, found 1 plugins.
Preloading 0 native plugins for Editor in 0.00 ms.
Mono: successfully reloaded assembly
- Completed reload, in  0.714 seconds
Platform modules already initialized, skipping
Refreshing native plugins compatible for Editor in 0.44 ms, found 1 plugins.
Preloading 0 native plugins for Editor in 0.00 ms.
Unloading 1826 Unused Serialized files (Serialized files now loaded: 0)
System memory in use before: 89.2 MB.
System memory in use after: 89.2 MB.

Unloading 14 unused Assets to reduce memory usage. Loaded Objects now: 2303.
Total: 1.932100 ms (FindLiveObjects: 0.232900 ms CreateObjectMapping: 0.101000 ms MarkObjects: 1.487900 ms  DeleteObjects: 0.109400 ms)

========================================================================
Received Prepare
Registering precompiled user dll's ...
Registered in 0.001426 seconds.
Begin MonoManager ReloadAssembly
Native extension for WindowsStandalone target not found
Refreshing native plugins compatible for Editor in 0.43 ms, found 1 plugins.
Preloading 0 native plugins for Editor in 0.00 ms.
Mono: successfully reloaded assembly
- Completed reload, in  0.729 seconds
Platform modules already initialized, skipping
Refreshing native plugins compatible for Editor in 0.42 ms, found 1 plugins.
Preloading 0 native plugins for Editor in 0.00 ms.
Unloading 1826 Unused Serialized files (Serialized files now loaded: 0)
System memory in use before: 89.3 MB.
System memory in use after: 89.2 MB.

Unloading 14 unused Assets to reduce memory usage. Loaded Objects now: 2307.
Total: 1.763600 ms (FindLiveObjects: 0.179100 ms CreateObjectMapping: 0.039200 ms MarkObjects: 1.447800 ms  DeleteObjects: 0.096700 ms)

========================================================================
Received Prepare
Registering precompiled user dll's ...
Registered in 0.001422 seconds.
Begin MonoManager ReloadAssembly
Native extension for WindowsStandalone target not found
Refreshing native plugins compatible for Editor in 0.42 ms, found 1 plugins.
Preloading 0 native plugins for Editor in 0.00 ms.
Mono: successfully reloaded assembly
- Completed reload, in  0.711 seconds
Platform modules already initialized, skipping
Refreshing native plugins compatible for Editor in 0.41 ms, found 1 plugins.
Preloading 0 native plugins for Editor in 0.00 ms.
Unloading 1826 Unused Serialized files (Serialized files now loaded: 0)
System memory in use before: 89.3 MB.
System memory in use after: 89.3 MB.

Unloading 14 unused Assets to reduce memory usage. Loaded Objects now: 2311.
Total: 1.834000 ms (FindLiveObjects: 0.185000 ms CreateObjectMapping: 0.041200 ms MarkObjects: 1.503300 ms  DeleteObjects: 0.103600 ms)

========================================================================
Received Prepare
Registering precompiled user dll's ...
Registered in 0.001515 seconds.
Begin MonoManager ReloadAssembly
Native extension for WindowsStandalone target not found
Refreshing native plugins compatible for Editor in 0.43 ms, found 1 plugins.
Preloading 0 native plugins for Editor in 0.00 ms.
Mono: successfully reloaded assembly
- Completed reload, in  0.704 seconds
Platform modules already initialized, skipping
Refreshing native plugins compatible for Editor in 0.42 ms, found 1 plugins.
Preloading 0 native plugins for Editor in 0.00 ms.
Unloading 1826 Unused Serialized files (Serialized files now loaded: 0)
System memory in use before: 89.3 MB.
System memory in use after: 89.3 MB.

Unloading 14 unused Assets to reduce memory usage. Loaded Objects now: 2315.
Total: 1.769600 ms (FindLiveObjects: 0.173800 ms CreateObjectMapping: 0.040700 ms MarkObjects: 1.451300 ms  DeleteObjects: 0.103100 ms)

========================================================================
Received Prepare
Registering precompiled user dll's ...
Registered in 0.001499 seconds.
Begin MonoManager ReloadAssembly
Native extension for WindowsStandalone target not found
Refreshing native plugins compatible for Editor in 0.44 ms, found 1 plugins.
Preloading 0 native plugins for Editor in 0.00 ms.
Mono: successfully reloaded assembly
- Completed reload, in  0.716 seconds
Platform modules already initialized, skipping
Refreshing native plugins compatible for Editor in 0.42 ms, found 1 plugins.
Preloading 0 native plugins for Editor in 0.00 ms.
Unloading 1826 Unused Serialized files (Serialized files now loaded: 0)
System memory in use before: 89.3 MB.
System memory in use after: 89.3 MB.

Unloading 14 unused Assets to reduce memory usage. Loaded Objects now: 2319.
Total: 1.749500 ms (FindLiveObjects: 0.174200 ms CreateObjectMapping: 0.041100 ms MarkObjects: 1.433000 ms  DeleteObjects: 0.100400 ms)

========================================================================
Received Import Request.
  Time since last request: 780.171476 seconds.
  path: Assets/Resources/pulo (mp3cut.net).flac
  artifactKey: Guid(ca614256a4a8ecd4d9948547966dd730) Importer(815301076,1909f56bfc062723c751e8b465ee728b)
Start importing Assets/Resources/pulo (mp3cut.net).flac using Guid(ca614256a4a8ecd4d9948547966dd730) Importer(815301076,1909f56bfc062723c751e8b465ee728b)  -> (artifact id: 'ffc80ac78f595ad9089f84469afece46') in 0.017482 seconds
  Import took 0.020954 seconds .

========================================================================
Received Import Request.
  Time since last request: 62.637163 seconds.
  path: Assets/Resources/pulo (mp3cut.net)-[AudioTrimmer.com].flac
  artifactKey: Guid(84681b3c414684e4b800899d7a93061e) Importer(815301076,1909f56bfc062723c751e8b465ee728b)
Start importing Assets/Resources/pulo (mp3cut.net)-[AudioTrimmer.com].flac using Guid(84681b3c414684e4b800899d7a93061e) Importer(815301076,1909f56bfc062723c751e8b465ee728b)  -> (artifact id: '9a2aae961d424fb23c5153743dd4261e') in 0.032990 seconds
  Import took 0.035748 seconds .

========================================================================
Received Import Request.
  Time since last request: 56.626005 seconds.
  path: Assets/Resources/pulo (mp3cut.net)-[AudioTrimmer.com] (1).flac
  artifactKey: Guid(40a8a4be4f3439845b66d4f237f12ef4) Importer(815301076,1909f56bfc062723c751e8b465ee728b)
Start importing Assets/Resources/pulo (mp3cut.net)-[AudioTrimmer.com] (1).flac using Guid(40a8a4be4f3439845b66d4f237f12ef4) Importer(815301076,1909f56bfc062723c751e8b465ee728b)  -> (artifact id: '33f02e2e98032c675b1a7c8b5caa0054') in 0.010833 seconds
  Import took 0.013902 seconds .

========================================================================
Received Import Request.
  Time since last request: 34.781357 seconds.
  path: Assets/Resources/pulo (mp3cut.net)-[AudioTrimmer.com].flac
  artifactKey: Guid(84681b3c414684e4b800899d7a93061e) Importer(815301076,1909f56bfc062723c751e8b465ee728b)
Start importing Assets/Resources/pulo (mp3cut.net)-[AudioTrimmer.com].flac using Guid(84681b3c414684e4b800899d7a93061e) Importer(815301076,1909f56bfc062723c751e8b465ee728b)  -> (artifact id: '402b24f117309ab7dd287ec54f8dcc49') in 0.009931 seconds
  Import took 0.013084 seconds .

========================================================================
Received Import Request.
  Time since last request: 34.479879 seconds.
  path: Assets/Resources/pulo.flac
  artifactKey: Guid(e48fa3af82e581b4fabf7d4d143b0f43) Importer(815301076,1909f56bfc062723c751e8b465ee728b)
Start importing Assets/Resources/pulo.flac using Guid(e48fa3af82e581b4fabf7d4d143b0f43) Importer(815301076,1909f56bfc062723c751e8b465ee728b)  -> (artifact id: '8aaf626d02b0178609ab80cb46bc5b87') in 0.005839 seconds
  Import took 0.008551 seconds .

========================================================================
Received Import Request.
  Time since last request: 37.014044 seconds.
  path: Assets/Resources/dano-[AudioTrimmer.com].flac
  artifactKey: Guid(3e568b8bdadcfaf4ca622060beabccca) Importer(815301076,1909f56bfc062723c751e8b465ee728b)
Start importing Assets/Resources/dano-[AudioTrimmer.com].flac using Guid(3e568b8bdadcfaf4ca622060beabccca) Importer(815301076,1909f56bfc062723c751e8b465ee728b)  -> (artifact id: '20d61ae6a440207112445ebb5237c642') in 0.010331 seconds
  Import took 0.013140 seconds .

========================================================================
Received Import Request.
  Time since last request: 0.003290 seconds.
  path: Assets/Resources/dano-[AudioTrimmer.com].flac
  artifactKey: Guid(3e568b8bdadcfaf4ca622060beabccca) Importer(815301076,1909f56bfc062723c751e8b465ee728b)
Start importing Assets/Resources/dano-[AudioTrimmer.com].flac using Guid(3e568b8bdadcfaf4ca622060beabccca) Importer(815301076,1909f56bfc062723c751e8b465ee728b)  -> (artifact id: '20d61ae6a440207112445ebb5237c642') in 0.006188 seconds
  Import took 0.008792 seconds .

========================================================================
Received Import Request.
  Time since last request: 43.222311 seconds.
  path: Assets/Resources/dano-[AudioTrimmer.com].flac
  artifactKey: Guid(3e568b8bdadcfaf4ca622060beabccca) Importer(815301076,1909f56bfc062723c751e8b465ee728b)
Start importing Assets/Resources/dano-[AudioTrimmer.com].flac using Guid(3e568b8bdadcfaf4ca622060beabccca) Importer(815301076,1909f56bfc062723c751e8b465ee728b)  -> (artifact id: '75f0868e549b4fbd221123c598c29779') in 0.009804 seconds
  Import took 0.012645 seconds .

========================================================================
Received Import Request.
  Time since last request: 23.155652 seconds.
  path: Assets/Resources/dano.flac
  artifactKey: Guid(4facdc06bb16b5f44a231d265a08cdb9) Importer(815301076,1909f56bfc062723c751e8b465ee728b)
Start importing Assets/Resources/dano.flac using Guid(4facdc06bb16b5f44a231d265a08cdb9) Importer(815301076,1909f56bfc062723c751e8b465ee728b)  -> (artifact id: 'd0fccdff00992b9d116a4208034373a1') in 0.008413 seconds
  Import took 0.011315 seconds .

========================================================================
Received Prepare
Registering precompiled user dll's ...
Registered in 0.001448 seconds.
Begin MonoManager ReloadAssembly
Native extension for WindowsStandalone target not found
Refreshing native plugins compatible for Editor in 0.43 ms, found 1 plugins.
Preloading 0 native plugins for Editor in 0.00 ms.
Mono: successfully reloaded assembly
- Completed reload, in  0.710 seconds
Platform modules already initialized, skipping
Refreshing native plugins compatible for Editor in 0.43 ms, found 1 plugins.
Preloading 0 native plugins for Editor in 0.00 ms.
Unloading 1826 Unused Serialized files (Serialized files now loaded: 0)
System memory in use before: 89.3 MB.
System memory in use after: 89.3 MB.

Unloading 14 unused Assets to reduce memory usage. Loaded Objects now: 2324.
Total: 1.758500 ms (FindLiveObjects: 0.186300 ms CreateObjectMapping: 0.038500 ms MarkObjects: 1.438600 ms  DeleteObjects: 0.094300 ms)

========================================================================
Received Prepare
Registering precompiled user dll's ...
Registered in 0.001365 seconds.
Begin MonoManager ReloadAssembly
Native extension for WindowsStandalone target not found
Refreshing native plugins compatible for Editor in 0.43 ms, found 1 plugins.
Preloading 0 native plugins for Editor in 0.00 ms.
Mono: successfully reloaded assembly
- Completed reload, in  0.719 seconds
Platform modules already initialized, skipping
Refreshing native plugins compatible for Editor in 0.42 ms, found 1 plugins.
Preloading 0 native plugins for Editor in 0.00 ms.
Unloading 1826 Unused Serialized files (Serialized files now loaded: 0)
System memory in use before: 89.3 MB.
System memory in use after: 89.3 MB.

Unloading 14 unused Assets to reduce memory usage. Loaded Objects now: 2328.
Total: 1.799500 ms (FindLiveObjects: 0.177500 ms CreateObjectMapping: 0.041300 ms MarkObjects: 1.480900 ms  DeleteObjects: 0.098900 ms)

========================================================================
Received Import Request.
  Time since last request: 1157.066124 seconds.
  path: Assets/Particles/Particulas/Faísca De Morte Loop.prefab
  artifactKey: Guid(2831114ddfb705747bc818369db54803) Importer(815301076,1909f56bfc062723c751e8b465ee728b)
Start importing Assets/Particles/Particulas/Faísca De Morte Loop.prefab using Guid(2831114ddfb705747bc818369db54803) Importer(815301076,1909f56bfc062723c751e8b465ee728b)  -> (artifact id: '583dd945d66805f463dcefc8ca8193ec') in 0.031186 seconds
  Import took 0.034167 seconds .

========================================================================
Received Import Request.
  Time since last request: 0.020934 seconds.
  path: Assets/Particles/Particulas/Faísca De Morte Loop.prefab
  artifactKey: Guid(2831114ddfb705747bc818369db54803) Importer(815301076,1909f56bfc062723c751e8b465ee728b)
Start importing Assets/Particles/Particulas/Faísca De Morte Loop.prefab using Guid(2831114ddfb705747bc818369db54803) Importer(815301076,1909f56bfc062723c751e8b465ee728b)  -> (artifact id: '583dd945d66805f463dcefc8ca8193ec') in 0.003486 seconds
  Import took 0.006154 seconds .

========================================================================
Received Import Request.
  Time since last request: 20.924047 seconds.
  path: Assets/Particles/Particulas/Faísca De Morte Loop.prefab
  artifactKey: Guid(2831114ddfb705747bc818369db54803) Importer(815301076,1909f56bfc062723c751e8b465ee728b)
Start importing Assets/Particles/Particulas/Faísca De Morte Loop.prefab using Guid(2831114ddfb705747bc818369db54803) Importer(815301076,1909f56bfc062723c751e8b465ee728b)  -> (artifact id: '20f328e142863b9a2899b11689b41f37') in 0.004072 seconds
  Import took 0.007111 seconds .

========================================================================
Received Import Request.
  Time since last request: 9.865050 seconds.
  path: Assets/Particles/Particulas/Faísca De Morte Loop.prefab
  artifactKey: Guid(2831114ddfb705747bc818369db54803) Importer(815301076,1909f56bfc062723c751e8b465ee728b)
Start importing Assets/Particles/Particulas/Faísca De Morte Loop.prefab using Guid(2831114ddfb705747bc818369db54803) Importer(815301076,1909f56bfc062723c751e8b465ee728b)  -> (artifact id: '3fbe08d693dfb6b7f00be3ce7967f61d') in 0.003721 seconds
  Import took 0.006685 seconds .

========================================================================
Received Import Request.
  Time since last request: 11.853425 seconds.
  path: Assets/Particles/Particulas/Faísca De Morte .prefab
  artifactKey: Guid(60af0c1671b011d4a850d236022b48f5) Importer(815301076,1909f56bfc062723c751e8b465ee728b)
Start importing Assets/Particles/Particulas/Faísca De Morte .prefab using Guid(60af0c1671b011d4a850d236022b48f5) Importer(815301076,1909f56bfc062723c751e8b465ee728b)  -> (artifact id: '8e90323fbcf4aed21ca49b696c01d9e1') in 0.007735 seconds
  Import took 0.010719 seconds .

========================================================================
Received Import Request.
  Time since last request: 0.003654 seconds.
  path: Assets/Particles/Particulas/Faísca De Morte .prefab
  artifactKey: Guid(60af0c1671b011d4a850d236022b48f5) Importer(815301076,1909f56bfc062723c751e8b465ee728b)
Start importing Assets/Particles/Particulas/Faísca De Morte .prefab using Guid(60af0c1671b011d4a850d236022b48f5) Importer(815301076,1909f56bfc062723c751e8b465ee728b)  -> (artifact id: '8e90323fbcf4aed21ca49b696c01d9e1') in 0.003599 seconds
  Import took 0.006532 seconds .

========================================================================
Received Import Request.
  Time since last request: 10.184220 seconds.
  path: Assets/Particles/Particulas/Faísca De Morte .prefab
  artifactKey: Guid(60af0c1671b011d4a850d236022b48f5) Importer(815301076,1909f56bfc062723c751e8b465ee728b)
Start importing Assets/Particles/Particulas/Faísca De Morte .prefab using Guid(60af0c1671b011d4a850d236022b48f5) Importer(815301076,1909f56bfc062723c751e8b465ee728b)  -> (artifact id: '55379a75f51b3524e5a483ef93b14af4') in 0.003922 seconds
  Import took 0.006814 seconds .

========================================================================
Received Prepare
Registering precompiled user dll's ...
Registered in 0.001429 seconds.
Begin MonoManager ReloadAssembly
Native extension for WindowsStandalone target not found
Refreshing native plugins compatible for Editor in 0.45 ms, found 1 plugins.
Preloading 0 native plugins for Editor in 0.00 ms.
Mono: successfully reloaded assembly
- Completed reload, in  0.697 seconds
Platform modules already initialized, skipping
Refreshing native plugins compatible for Editor in 0.44 ms, found 1 plugins.
Preloading 0 native plugins for Editor in 0.00 ms.
Unloading 1826 Unused Serialized files (Serialized files now loaded: 0)
System memory in use before: 89.4 MB.
System memory in use after: 89.3 MB.

Unloading 14 unused Assets to reduce memory usage. Loaded Objects now: 2332.
Total: 1.906800 ms (FindLiveObjects: 0.183600 ms CreateObjectMapping: 0.039500 ms MarkObjects: 1.579400 ms  DeleteObjects: 0.103000 ms)

========================================================================
Received Prepare
Registering precompiled user dll's ...
Registered in 0.001617 seconds.
Begin MonoManager ReloadAssembly
Native extension for WindowsStandalone target not found
Refreshing native plugins compatible for Editor in 0.43 ms, found 1 plugins.
Preloading 0 native plugins for Editor in 0.00 ms.
Mono: successfully reloaded assembly
- Completed reload, in  0.714 seconds
Platform modules already initialized, skipping
Refreshing native plugins compatible for Editor in 0.48 ms, found 1 plugins.
Preloading 0 native plugins for Editor in 0.00 ms.
Unloading 1826 Unused Serialized files (Serialized files now loaded: 0)
System memory in use before: 89.4 MB.
System memory in use after: 89.3 MB.

Unloading 14 unused Assets to reduce memory usage. Loaded Objects now: 2336.
Total: 1.751300 ms (FindLiveObjects: 0.165400 ms CreateObjectMapping: 0.040500 ms MarkObjects: 1.448600 ms  DeleteObjects: 0.096000 ms)

========================================================================
Received Prepare
Registering precompiled user dll's ...
Registered in 0.001481 seconds.
Begin MonoManager ReloadAssembly
Native extension for WindowsStandalone target not found
Refreshing native plugins compatible for Editor in 0.44 ms, found 1 plugins.
Preloading 0 native plugins for Editor in 0.00 ms.
Mono: successfully reloaded assembly
- Completed reload, in  0.710 seconds
Platform modules already initialized, skipping
Refreshing native plugins compatible for Editor in 0.42 ms, found 1 plugins.
Preloading 0 native plugins for Editor in 0.00 ms.
Unloading 1826 Unused Serialized files (Serialized files now loaded: 0)
System memory in use before: 89.3 MB.
System memory in use after: 89.3 MB.

Unloading 14 unused Assets to reduce memory usage. Loaded Objects now: 2340.
Total: 1.743800 ms (FindLiveObjects: 0.172200 ms CreateObjectMapping: 0.041000 ms MarkObjects: 1.435300 ms  DeleteObjects: 0.094400 ms)

========================================================================
Received Prepare
Registering precompiled user dll's ...
Registered in 0.001521 seconds.
Begin MonoManager ReloadAssembly
Native extension for WindowsStandalone target not found
Refreshing native plugins compatible for Editor in 0.45 ms, found 1 plugins.
Preloading 0 native plugins for Editor in 0.00 ms.
Mono: successfully reloaded assembly
- Completed reload, in  0.721 seconds
Platform modules already initialized, skipping
Refreshing native plugins compatible for Editor in 0.45 ms, found 1 plugins.
Preloading 0 native plugins for Editor in 0.00 ms.
Unloading 1826 Unused Serialized files (Serialized files now loaded: 0)
System memory in use before: 89.3 MB.
System memory in use after: 89.3 MB.

Unloading 14 unused Assets to reduce memory usage. Loaded Objects now: 2344.
Total: 1.867700 ms (FindLiveObjects: 0.182800 ms CreateObjectMapping: 0.045600 ms MarkObjects: 1.539400 ms  DeleteObjects: 0.099100 ms)

========================================================================
Received Prepare
Registering precompiled user dll's ...
Registered in 0.001466 seconds.
Begin MonoManager ReloadAssembly
Native extension for WindowsStandalone target not found
Refreshing native plugins compatible for Editor in 0.43 ms, found 1 plugins.
Preloading 0 native plugins for Editor in 0.00 ms.
Mono: successfully reloaded assembly
- Completed reload, in  0.733 seconds
Platform modules already initialized, skipping
Refreshing native plugins compatible for Editor in 0.42 ms, found 1 plugins.
Preloading 0 native plugins for Editor in 0.00 ms.
Unloading 1826 Unused Serialized files (Serialized files now loaded: 0)
System memory in use before: 89.3 MB.
System memory in use after: 89.3 MB.

Unloading 14 unused Assets to reduce memory usage. Loaded Objects now: 2348.
Total: 1.803800 ms (FindLiveObjects: 0.183600 ms CreateObjectMapping: 0.049400 ms MarkObjects: 1.467900 ms  DeleteObjects: 0.102100 ms)

========================================================================
Received Prepare
Registering precompiled user dll's ...
Registered in 0.001571 seconds.
Begin MonoManager ReloadAssembly
Native extension for WindowsStandalone target not found
Refreshing native plugins compatible for Editor in 0.47 ms, found 1 plugins.
Preloading 0 native plugins for Editor in 0.00 ms.
Mono: successfully reloaded assembly
- Completed reload, in  0.708 seconds
Platform modules already initialized, skipping
Refreshing native plugins compatible for Editor in 0.42 ms, found 1 plugins.
Preloading 0 native plugins for Editor in 0.00 ms.
Unloading 1826 Unused Serialized files (Serialized files now loaded: 0)
System memory in use before: 89.3 MB.
System memory in use after: 89.3 MB.

Unloading 14 unused Assets to reduce memory usage. Loaded Objects now: 2352.
Total: 2.092200 ms (FindLiveObjects: 0.215900 ms CreateObjectMapping: 0.041500 ms MarkObjects: 1.728100 ms  DeleteObjects: 0.105400 ms)

========================================================================
Received Prepare
Registering precompiled user dll's ...
Registered in 0.002034 seconds.
Begin MonoManager ReloadAssembly
Native extension for WindowsStandalone target not found
Refreshing native plugins compatible for Editor in 0.44 ms, found 1 plugins.
Preloading 0 native plugins for Editor in 0.00 ms.
Mono: successfully reloaded assembly
- Completed reload, in  0.716 seconds
Platform modules already initialized, skipping
Refreshing native plugins compatible for Editor in 0.42 ms, found 1 plugins.
Preloading 0 native plugins for Editor in 0.00 ms.
Unloading 1826 Unused Serialized files (Serialized files now loaded: 0)
System memory in use before: 89.3 MB.
System memory in use after: 89.3 MB.

Unloading 14 unused Assets to reduce memory usage. Loaded Objects now: 2356.
Total: 1.746700 ms (FindLiveObjects: 0.169000 ms CreateObjectMapping: 0.040800 ms MarkObjects: 1.433400 ms  DeleteObjects: 0.102600 ms)

========================================================================
Received Prepare
Registering precompiled user dll's ...
Registered in 0.001512 seconds.
Begin MonoManager ReloadAssembly
Native extension for WindowsStandalone target not found
Refreshing native plugins compatible for Editor in 0.64 ms, found 1 plugins.
Preloading 0 native plugins for Editor in 0.00 ms.
Mono: successfully reloaded assembly
- Completed reload, in  0.701 seconds
Platform modules already initialized, skipping
Refreshing native plugins compatible for Editor in 0.41 ms, found 1 plugins.
Preloading 0 native plugins for Editor in 0.00 ms.
Unloading 1826 Unused Serialized files (Serialized files now loaded: 0)
System memory in use before: 89.4 MB.
System memory in use after: 89.3 MB.

Unloading 14 unused Assets to reduce memory usage. Loaded Objects now: 2360.
Total: 1.729000 ms (FindLiveObjects: 0.174600 ms CreateObjectMapping: 0.040400 ms MarkObjects: 1.418400 ms  DeleteObjects: 0.094800 ms)

========================================================================
Received Import Request.
  Time since last request: 363.306113 seconds.
  path: Assets/Particles/Particulas/Faísca De Morte Loop.prefab
  artifactKey: Guid(2831114ddfb705747bc818369db54803) Importer(815301076,1909f56bfc062723c751e8b465ee728b)
Start importing Assets/Particles/Particulas/Faísca De Morte Loop.prefab using Guid(2831114ddfb705747bc818369db54803) Importer(815301076,1909f56bfc062723c751e8b465ee728b)  -> (artifact id: '83805c897f0148adfda784ef507eb003') in 0.025802 seconds
  Import took 0.028504 seconds .

========================================================================
Received Import Request.
  Time since last request: 63.062286 seconds.
  path: Assets/Particles/Particulas/Faísca De Morte Loop.prefab
  artifactKey: Guid(2831114ddfb705747bc818369db54803) Importer(815301076,1909f56bfc062723c751e8b465ee728b)
Start importing Assets/Particles/Particulas/Faísca De Morte Loop.prefab using Guid(2831114ddfb705747bc818369db54803) Importer(815301076,1909f56bfc062723c751e8b465ee728b)  -> (artifact id: 'b14ef4e701376889bdb460dab706112b') in 0.003785 seconds
  Import took 0.006962 seconds .

========================================================================
Received Prepare
Registering precompiled user dll's ...
Registered in 0.001541 seconds.
Begin MonoManager ReloadAssembly
Native extension for WindowsStandalone target not found
Refreshing native plugins compatible for Editor in 0.45 ms, found 1 plugins.
Preloading 0 native plugins for Editor in 0.00 ms.
Mono: successfully reloaded assembly
- Completed reload, in  0.799 seconds
Platform modules already initialized, skipping
Refreshing native plugins compatible for Editor in 0.44 ms, found 1 plugins.
Preloading 0 native plugins for Editor in 0.00 ms.
Unloading 1826 Unused Serialized files (Serialized files now loaded: 0)
System memory in use before: 89.4 MB.
System memory in use after: 89.4 MB.

Unloading 14 unused Assets to reduce memory usage. Loaded Objects now: 2364.
Total: 1.871200 ms (FindLiveObjects: 0.215000 ms CreateObjectMapping: 0.040400 ms MarkObjects: 1.510900 ms  DeleteObjects: 0.104000 ms)

========================================================================
Received Import Request.
  Time since last request: 26.393674 seconds.
  path: Assets/Particles/Particulas/Faísca De Morte Loop.prefab
  artifactKey: Guid(2831114ddfb705747bc818369db54803) Importer(815301076,1909f56bfc062723c751e8b465ee728b)
Start importing Assets/Particles/Particulas/Faísca De Morte Loop.prefab using Guid(2831114ddfb705747bc818369db54803) Importer(815301076,1909f56bfc062723c751e8b465ee728b)  -> (artifact id: 'e28c28a60ac09cdb402f2c528d69a5a1') in 0.024352 seconds
  Import took 0.027094 seconds .

========================================================================
Received Prepare
Registering precompiled user dll's ...
Registered in 0.001455 seconds.
Begin MonoManager ReloadAssembly
Native extension for WindowsStandalone target not found
Refreshing native plugins compatible for Editor in 0.43 ms, found 1 plugins.
Preloading 0 native plugins for Editor in 0.00 ms.
Mono: successfully reloaded assembly
- Completed reload, in  0.728 seconds
Platform modules already initialized, skipping
Refreshing native plugins compatible for Editor in 0.42 ms, found 1 plugins.
Preloading 0 native plugins for Editor in 0.00 ms.
Unloading 1826 Unused Serialized files (Serialized files now loaded: 0)
System memory in use before: 89.4 MB.
System memory in use after: 89.4 MB.

Unloading 14 unused Assets to reduce memory usage. Loaded Objects now: 2368.
Total: 1.836800 ms (FindLiveObjects: 0.174600 ms CreateObjectMapping: 0.039600 ms MarkObjects: 1.524500 ms  DeleteObjects: 0.097400 ms)

========================================================================
Received Import Request.
  Time since last request: 26.430183 seconds.
  path: Assets/Particles/Particulas/Faísca De Morte Loop.prefab
  artifactKey: Guid(2831114ddfb705747bc818369db54803) Importer(815301076,1909f56bfc062723c751e8b465ee728b)
Start importing Assets/Particles/Particulas/Faísca De Morte Loop.prefab using Guid(2831114ddfb705747bc818369db54803) Importer(815301076,1909f56bfc062723c751e8b465ee728b)  -> (artifact id: '71359d35d44ea56244d8218477585ba7') in 0.022717 seconds
  Import took 0.025389 seconds .

========================================================================
Received Prepare
Registering precompiled user dll's ...
Registered in 0.001406 seconds.
Begin MonoManager ReloadAssembly
Native extension for WindowsStandalone target not found
Refreshing native plugins compatible for Editor in 0.46 ms, found 1 plugins.
Preloading 0 native plugins for Editor in 0.00 ms.
Mono: successfully reloaded assembly
- Completed reload, in  0.757 seconds
Platform modules already initialized, skipping
Refreshing native plugins compatible for Editor in 0.42 ms, found 1 plugins.
Preloading 0 native plugins for Editor in 0.00 ms.
Unloading 1826 Unused Serialized files (Serialized files now loaded: 0)
System memory in use before: 89.4 MB.
System memory in use after: 89.4 MB.

Unloading 14 unused Assets to reduce memory usage. Loaded Objects now: 2372.
Total: 1.743200 ms (FindLiveObjects: 0.171300 ms CreateObjectMapping: 0.041000 ms MarkObjects: 1.433200 ms  DeleteObjects: 0.096800 ms)

========================================================================
Received Prepare
Registering precompiled user dll's ...
Registered in 0.001400 seconds.
Begin MonoManager ReloadAssembly
Native extension for WindowsStandalone target not found
Refreshing native plugins compatible for Editor in 0.43 ms, found 1 plugins.
Preloading 0 native plugins for Editor in 0.00 ms.
Mono: successfully reloaded assembly
- Completed reload, in  0.700 seconds
Platform modules already initialized, skipping
Refreshing native plugins compatible for Editor in 0.43 ms, found 1 plugins.
Preloading 0 native plugins for Editor in 0.00 ms.
Unloading 1826 Unused Serialized files (Serialized files now loaded: 0)
System memory in use before: 89.4 MB.
System memory in use after: 89.4 MB.

Unloading 14 unused Assets to reduce memory usage. Loaded Objects now: 2376.
Total: 1.891300 ms (FindLiveObjects: 0.189300 ms CreateObjectMapping: 0.042500 ms MarkObjects: 1.556600 ms  DeleteObjects: 0.102000 ms)

========================================================================
Received Prepare
Registering precompiled user dll's ...
Registered in 0.001360 seconds.
Begin MonoManager ReloadAssembly
Native extension for WindowsStandalone target not found
Refreshing native plugins compatible for Editor in 0.45 ms, found 1 plugins.
Preloading 0 native plugins for Editor in 0.00 ms.
Mono: successfully reloaded assembly
- Completed reload, in  0.705 seconds
Platform modules already initialized, skipping
Refreshing native plugins compatible for Editor in 0.43 ms, found 1 plugins.
Preloading 0 native plugins for Editor in 0.00 ms.
Unloading 1826 Unused Serialized files (Serialized files now loaded: 0)
System memory in use before: 89.4 MB.
System memory in use after: 89.4 MB.

Unloading 14 unused Assets to reduce memory usage. Loaded Objects now: 2380.
Total: 1.997500 ms (FindLiveObjects: 0.275300 ms CreateObjectMapping: 0.110000 ms MarkObjects: 1.510800 ms  DeleteObjects: 0.100700 ms)

========================================================================
Received Import Request.
  Time since last request: 283.467015 seconds.
  path: Assets/Animations/jogadorAndando.anim
  artifactKey: Guid(ceff6a239be21a843a21092781ad2315) Importer(815301076,1909f56bfc062723c751e8b465ee728b)
Start importing Assets/Animations/jogadorAndando.anim using Guid(ceff6a239be21a843a21092781ad2315) Importer(815301076,1909f56bfc062723c751e8b465ee728b)  -> (artifact id: '65f0a44f86a63028a5fd28e488e9fe35') in 0.020093 seconds
  Import took 0.023001 seconds .

========================================================================
Received Import Request.
  Time since last request: 0.009991 seconds.
  path: Assets/Animations/jogadorAndando.anim
  artifactKey: Guid(ceff6a239be21a843a21092781ad2315) Importer(815301076,1909f56bfc062723c751e8b465ee728b)
Start importing Assets/Animations/jogadorAndando.anim using Guid(ceff6a239be21a843a21092781ad2315) Importer(815301076,1909f56bfc062723c751e8b465ee728b)  -> (artifact id: '65f0a44f86a63028a5fd28e488e9fe35') in 0.002463 seconds
  Import took 0.005180 seconds .

========================================================================
Received Prepare
Registering precompiled user dll's ...
Registered in 0.001439 seconds.
Begin MonoManager ReloadAssembly
Native extension for WindowsStandalone target not found
Refreshing native plugins compatible for Editor in 0.43 ms, found 1 plugins.
Preloading 0 native plugins for Editor in 0.00 ms.
Mono: successfully reloaded assembly
- Completed reload, in  0.692 seconds
Platform modules already initialized, skipping
Refreshing native plugins compatible for Editor in 0.42 ms, found 1 plugins.
Preloading 0 native plugins for Editor in 0.00 ms.
Unloading 1826 Unused Serialized files (Serialized files now loaded: 0)
System memory in use before: 89.4 MB.
System memory in use after: 89.4 MB.

Unloading 14 unused Assets to reduce memory usage. Loaded Objects now: 2384.
Total: 1.753400 ms (FindLiveObjects: 0.169800 ms CreateObjectMapping: 0.040100 ms MarkObjects: 1.445900 ms  DeleteObjects: 0.096800 ms)

========================================================================
Received Prepare
Registering precompiled user dll's ...
Registered in 0.001540 seconds.
Begin MonoManager ReloadAssembly
Native extension for WindowsStandalone target not found
Refreshing native plugins compatible for Editor in 0.44 ms, found 1 plugins.
Preloading 0 native plugins for Editor in 0.00 ms.
Mono: successfully reloaded assembly
- Completed reload, in  0.706 seconds
Platform modules already initialized, skipping
Refreshing native plugins compatible for Editor in 0.42 ms, found 1 plugins.
Preloading 0 native plugins for Editor in 0.00 ms.
Unloading 1826 Unused Serialized files (Serialized files now loaded: 0)
System memory in use before: 89.4 MB.
System memory in use after: 89.4 MB.

Unloading 14 unused Assets to reduce memory usage. Loaded Objects now: 2388.
Total: 1.855400 ms (FindLiveObjects: 0.175000 ms CreateObjectMapping: 0.041400 ms MarkObjects: 1.539900 ms  DeleteObjects: 0.098100 ms)

========================================================================
Received Prepare
Registering precompiled user dll's ...
Registered in 0.001499 seconds.
Begin MonoManager ReloadAssembly
Native extension for WindowsStandalone target not found
Refreshing native plugins compatible for Editor in 0.43 ms, found 1 plugins.
Preloading 0 native plugins for Editor in 0.00 ms.
Mono: successfully reloaded assembly
- Completed reload, in  0.700 seconds
Platform modules already initialized, skipping
Refreshing native plugins compatible for Editor in 0.43 ms, found 1 plugins.
Preloading 0 native plugins for Editor in 0.00 ms.
Unloading 1826 Unused Serialized files (Serialized files now loaded: 0)
System memory in use before: 89.4 MB.
System memory in use after: 89.4 MB.

Unloading 14 unused Assets to reduce memory usage. Loaded Objects now: 2392.
Total: 1.768300 ms (FindLiveObjects: 0.174400 ms CreateObjectMapping: 0.041200 ms MarkObjects: 1.444300 ms  DeleteObjects: 0.107900 ms)

========================================================================
Received Prepare
Registering precompiled user dll's ...
Registered in 0.001736 seconds.
Begin MonoManager ReloadAssembly
Native extension for WindowsStandalone target not found
Refreshing native plugins compatible for Editor in 0.44 ms, found 1 plugins.
Preloading 0 native plugins for Editor in 0.00 ms.
Mono: successfully reloaded assembly
- Completed reload, in  0.718 seconds
Platform modules already initialized, skipping
Refreshing native plugins compatible for Editor in 0.42 ms, found 1 plugins.
Preloading 0 native plugins for Editor in 0.00 ms.
Unloading 1826 Unused Serialized files (Serialized files now loaded: 0)
System memory in use before: 89.5 MB.
System memory in use after: 89.4 MB.

Unloading 14 unused Assets to reduce memory usage. Loaded Objects now: 2396.
Total: 1.784900 ms (FindLiveObjects: 0.178200 ms CreateObjectMapping: 0.040600 ms MarkObjects: 1.459600 ms  DeleteObjects: 0.105700 ms)

========================================================================
Received Prepare
Registering precompiled user dll's ...
Registered in 0.001403 seconds.
Begin MonoManager ReloadAssembly
Native extension for WindowsStandalone target not found
Refreshing native plugins compatible for Editor in 0.43 ms, found 1 plugins.
Preloading 0 native plugins for Editor in 0.00 ms.
Mono: successfully reloaded assembly
- Completed reload, in  0.708 seconds
Platform modules already initialized, skipping
Refreshing native plugins compatible for Editor in 0.42 ms, found 1 plugins.
Preloading 0 native plugins for Editor in 0.00 ms.
Unloading 1826 Unused Serialized files (Serialized files now loaded: 0)
System memory in use before: 89.5 MB.
System memory in use after: 89.4 MB.

Unloading 14 unused Assets to reduce memory usage. Loaded Objects now: 2400.
Total: 1.771500 ms (FindLiveObjects: 0.184100 ms CreateObjectMapping: 0.041600 ms MarkObjects: 1.443000 ms  DeleteObjects: 0.102000 ms)

========================================================================
Received Prepare
Registering precompiled user dll's ...
Registered in 0.001451 seconds.
Begin MonoManager ReloadAssembly
Native extension for WindowsStandalone target not found
Refreshing native plugins compatible for Editor in 0.43 ms, found 1 plugins.
Preloading 0 native plugins for Editor in 0.00 ms.
Mono: successfully reloaded assembly
- Completed reload, in  0.700 seconds
Platform modules already initialized, skipping
Refreshing native plugins compatible for Editor in 0.45 ms, found 1 plugins.
Preloading 0 native plugins for Editor in 0.00 ms.
Unloading 1826 Unused Serialized files (Serialized files now loaded: 0)
System memory in use before: 89.5 MB.
System memory in use after: 89.5 MB.

Unloading 14 unused Assets to reduce memory usage. Loaded Objects now: 2404.
Total: 1.783200 ms (FindLiveObjects: 0.185300 ms CreateObjectMapping: 0.041000 ms MarkObjects: 1.459300 ms  DeleteObjects: 0.096500 ms)

========================================================================
Received Prepare
Registering precompiled user dll's ...
Registered in 0.001490 seconds.
Begin MonoManager ReloadAssembly
Native extension for WindowsStandalone target not found
Refreshing native plugins compatible for Editor in 0.42 ms, found 1 plugins.
Preloading 0 native plugins for Editor in 0.00 ms.
Mono: successfully reloaded assembly
- Completed reload, in  0.715 seconds
Platform modules already initialized, skipping
Refreshing native plugins compatible for Editor in 0.45 ms, found 1 plugins.
Preloading 0 native plugins for Editor in 0.00 ms.
Unloading 1826 Unused Serialized files (Serialized files now loaded: 0)
System memory in use before: 89.5 MB.
System memory in use after: 89.5 MB.

Unloading 14 unused Assets to reduce memory usage. Loaded Objects now: 2408.
Total: 1.765100 ms (FindLiveObjects: 0.187000 ms CreateObjectMapping: 0.039700 ms MarkObjects: 1.437100 ms  DeleteObjects: 0.100600 ms)

========================================================================
Received Prepare
Registering precompiled user dll's ...
Registered in 0.001444 seconds.
Begin MonoManager ReloadAssembly
Native extension for WindowsStandalone target not found
Refreshing native plugins compatible for Editor in 0.44 ms, found 1 plugins.
Preloading 0 native plugins for Editor in 0.00 ms.
Mono: successfully reloaded assembly
- Completed reload, in  0.730 seconds
Platform modules already initialized, skipping
Refreshing native plugins compatible for Editor in 0.42 ms, found 1 plugins.
Preloading 0 native plugins for Editor in 0.00 ms.
Unloading 1826 Unused Serialized files (Serialized files now loaded: 0)
System memory in use before: 89.5 MB.
System memory in use after: 89.5 MB.

Unloading 14 unused Assets to reduce memory usage. Loaded Objects now: 2412.
Total: 1.781900 ms (FindLiveObjects: 0.187000 ms CreateObjectMapping: 0.041500 ms MarkObjects: 1.454600 ms  DeleteObjects: 0.098100 ms)

========================================================================
Received Prepare
Registering precompiled user dll's ...
Registered in 0.001924 seconds.
Begin MonoManager ReloadAssembly
Native extension for WindowsStandalone target not found
Refreshing native plugins compatible for Editor in 0.43 ms, found 1 plugins.
Preloading 0 native plugins for Editor in 0.00 ms.
Mono: successfully reloaded assembly
- Completed reload, in  0.709 seconds
Platform modules already initialized, skipping
Refreshing native plugins compatible for Editor in 0.43 ms, found 1 plugins.
Preloading 0 native plugins for Editor in 0.00 ms.
Unloading 1826 Unused Serialized files (Serialized files now loaded: 0)
System memory in use before: 89.5 MB.
System memory in use after: 89.5 MB.

Unloading 14 unused Assets to reduce memory usage. Loaded Objects now: 2416.
Total: 1.757800 ms (FindLiveObjects: 0.179500 ms CreateObjectMapping: 0.041000 ms MarkObjects: 1.442500 ms  DeleteObjects: 0.094000 ms)

========================================================================
Received Prepare
Registering precompiled user dll's ...
Registered in 0.001503 seconds.
Begin MonoManager ReloadAssembly
Native extension for WindowsStandalone target not found
Refreshing native plugins compatible for Editor in 0.43 ms, found 1 plugins.
Preloading 0 native plugins for Editor in 0.00 ms.
Mono: successfully reloaded assembly
- Completed reload, in  0.692 seconds
Platform modules already initialized, skipping
Refreshing native plugins compatible for Editor in 0.45 ms, found 1 plugins.
Preloading 0 native plugins for Editor in 0.00 ms.
Unloading 1826 Unused Serialized files (Serialized files now loaded: 0)
System memory in use before: 89.5 MB.
System memory in use after: 89.5 MB.

Unloading 14 unused Assets to reduce memory usage. Loaded Objects now: 2420.
Total: 1.796900 ms (FindLiveObjects: 0.192400 ms CreateObjectMapping: 0.040300 ms MarkObjects: 1.463300 ms  DeleteObjects: 0.100000 ms)

========================================================================
Received Prepare
Registering precompiled user dll's ...
Registered in 0.001538 seconds.
Begin MonoManager ReloadAssembly
Native extension for WindowsStandalone target not found
Refreshing native plugins compatible for Editor in 0.43 ms, found 1 plugins.
Preloading 0 native plugins for Editor in 0.00 ms.
Mono: successfully reloaded assembly
- Completed reload, in  0.706 seconds
Platform modules already initialized, skipping
Refreshing native plugins compatible for Editor in 0.42 ms, found 1 plugins.
Preloading 0 native plugins for Editor in 0.00 ms.
Unloading 1826 Unused Serialized files (Serialized files now loaded: 0)
System memory in use before: 89.5 MB.
System memory in use after: 89.5 MB.

Unloading 14 unused Assets to reduce memory usage. Loaded Objects now: 2424.
Total: 1.749900 ms (FindLiveObjects: 0.180200 ms CreateObjectMapping: 0.042000 ms MarkObjects: 1.429600 ms  DeleteObjects: 0.097300 ms)

========================================================================
Received Prepare
Registering precompiled user dll's ...
Registered in 0.001511 seconds.
Begin MonoManager ReloadAssembly
Native extension for WindowsStandalone target not found
Refreshing native plugins compatible for Editor in 0.44 ms, found 1 plugins.
Preloading 0 native plugins for Editor in 0.00 ms.
Mono: successfully reloaded assembly
- Completed reload, in  0.730 seconds
Platform modules already initialized, skipping
Refreshing native plugins compatible for Editor in 0.42 ms, found 1 plugins.
Preloading 0 native plugins for Editor in 0.00 ms.
Unloading 1826 Unused Serialized files (Serialized files now loaded: 0)
System memory in use before: 89.5 MB.
System memory in use after: 89.5 MB.

Unloading 14 unused Assets to reduce memory usage. Loaded Objects now: 2428.
Total: 1.771700 ms (FindLiveObjects: 0.181300 ms CreateObjectMapping: 0.042500 ms MarkObjects: 1.449200 ms  DeleteObjects: 0.097800 ms)

========================================================================
Received Prepare
Registering precompiled user dll's ...
Registered in 0.001491 seconds.
Begin MonoManager ReloadAssembly
Native extension for WindowsStandalone target not found
Refreshing native plugins compatible for Editor in 0.44 ms, found 1 plugins.
Preloading 0 native plugins for Editor in 0.00 ms.
Mono: successfully reloaded assembly
- Completed reload, in  0.698 seconds
Platform modules already initialized, skipping
Refreshing native plugins compatible for Editor in 0.44 ms, found 1 plugins.
Preloading 0 native plugins for Editor in 0.00 ms.
Unloading 1826 Unused Serialized files (Serialized files now loaded: 0)
System memory in use before: 89.5 MB.
System memory in use after: 89.5 MB.

Unloading 14 unused Assets to reduce memory usage. Loaded Objects now: 2432.
Total: 2.101900 ms (FindLiveObjects: 0.306400 ms CreateObjectMapping: 0.054600 ms MarkObjects: 1.629300 ms  DeleteObjects: 0.110800 ms)

========================================================================
Received Prepare
Registering precompiled user dll's ...
Registered in 0.001988 seconds.
Begin MonoManager ReloadAssembly
Native extension for WindowsStandalone target not found
Refreshing native plugins compatible for Editor in 0.45 ms, found 1 plugins.
Preloading 0 native plugins for Editor in 0.00 ms.
Mono: successfully reloaded assembly
- Completed reload, in  0.721 seconds
Platform modules already initialized, skipping
Refreshing native plugins compatible for Editor in 0.42 ms, found 1 plugins.
Preloading 0 native plugins for Editor in 0.00 ms.
Unloading 1826 Unused Serialized files (Serialized files now loaded: 0)
System memory in use before: 89.5 MB.
System memory in use after: 89.5 MB.

Unloading 14 unused Assets to reduce memory usage. Loaded Objects now: 2436.
Total: 1.796900 ms (FindLiveObjects: 0.177500 ms CreateObjectMapping: 0.041400 ms MarkObjects: 1.479300 ms  DeleteObjects: 0.098000 ms)

========================================================================
Received Prepare
Registering precompiled user dll's ...
Registered in 0.001405 seconds.
Begin MonoManager ReloadAssembly
Native extension for WindowsStandalone target not found
Refreshing native plugins compatible for Editor in 0.43 ms, found 1 plugins.
Preloading 0 native plugins for Editor in 0.00 ms.
Mono: successfully reloaded assembly
- Completed reload, in  0.701 seconds
Platform modules already initialized, skipping
Refreshing native plugins compatible for Editor in 0.42 ms, found 1 plugins.
Preloading 0 native plugins for Editor in 0.00 ms.
Unloading 1826 Unused Serialized files (Serialized files now loaded: 0)
System memory in use before: 89.5 MB.
System memory in use after: 89.5 MB.

Unloading 14 unused Assets to reduce memory usage. Loaded Objects now: 2440.
Total: 1.777300 ms (FindLiveObjects: 0.179600 ms CreateObjectMapping: 0.041400 ms MarkObjects: 1.458900 ms  DeleteObjects: 0.096600 ms)

========================================================================
Received Prepare
Registering precompiled user dll's ...
Registered in 0.001393 seconds.
Begin MonoManager ReloadAssembly
Native extension for WindowsStandalone target not found
Refreshing native plugins compatible for Editor in 0.42 ms, found 1 plugins.
Preloading 0 native plugins for Editor in 0.00 ms.
Mono: successfully reloaded assembly
- Completed reload, in  0.715 seconds
Platform modules already initialized, skipping
Refreshing native plugins compatible for Editor in 0.43 ms, found 1 plugins.
Preloading 0 native plugins for Editor in 0.00 ms.
Unloading 1826 Unused Serialized files (Serialized files now loaded: 0)
System memory in use before: 89.5 MB.
System memory in use after: 89.5 MB.

Unloading 14 unused Assets to reduce memory usage. Loaded Objects now: 2444.
Total: 1.798400 ms (FindLiveObjects: 0.189200 ms CreateObjectMapping: 0.040000 ms MarkObjects: 1.467800 ms  DeleteObjects: 0.100400 ms)

========================================================================
Received Prepare
Registering precompiled user dll's ...
Registered in 0.001473 seconds.
Begin MonoManager ReloadAssembly
Native extension for WindowsStandalone target not found
Refreshing native plugins compatible for Editor in 0.42 ms, found 1 plugins.
Preloading 0 native plugins for Editor in 0.00 ms.
Mono: successfully reloaded assembly
- Completed reload, in  0.721 seconds
Platform modules already initialized, skipping
Refreshing native plugins compatible for Editor in 0.43 ms, found 1 plugins.
Preloading 0 native plugins for Editor in 0.00 ms.
Unloading 1826 Unused Serialized files (Serialized files now loaded: 0)
System memory in use before: 89.5 MB.
System memory in use after: 89.5 MB.

Unloading 14 unused Assets to reduce memory usage. Loaded Objects now: 2448.
Total: 1.774900 ms (FindLiveObjects: 0.185500 ms CreateObjectMapping: 0.042400 ms MarkObjects: 1.447600 ms  DeleteObjects: 0.098600 ms)

========================================================================
Received Prepare
Registering precompiled user dll's ...
Registered in 0.001401 seconds.
Begin MonoManager ReloadAssembly
Native extension for WindowsStandalone target not found
Refreshing native plugins compatible for Editor in 0.43 ms, found 1 plugins.
Preloading 0 native plugins for Editor in 0.00 ms.
Mono: successfully reloaded assembly
- Completed reload, in  0.702 seconds
Platform modules already initialized, skipping
Refreshing native plugins compatible for Editor in 0.43 ms, found 1 plugins.
Preloading 0 native plugins for Editor in 0.00 ms.
Unloading 1826 Unused Serialized files (Serialized files now loaded: 0)
System memory in use before: 89.5 MB.
System memory in use after: 89.5 MB.

Unloading 14 unused Assets to reduce memory usage. Loaded Objects now: 2452.
Total: 1.851000 ms (FindLiveObjects: 0.195800 ms CreateObjectMapping: 0.041100 ms MarkObjects: 1.509700 ms  DeleteObjects: 0.103700 ms)

========================================================================
Received Prepare
Registering precompiled user dll's ...
Registered in 0.001906 seconds.
Begin MonoManager ReloadAssembly
Native extension for WindowsStandalone target not found
Refreshing native plugins compatible for Editor in 0.42 ms, found 1 plugins.
Preloading 0 native plugins for Editor in 0.00 ms.
Mono: successfully reloaded assembly
- Completed reload, in  0.712 seconds
Platform modules already initialized, skipping
Refreshing native plugins compatible for Editor in 0.42 ms, found 1 plugins.
Preloading 0 native plugins for Editor in 0.00 ms.
Unloading 1826 Unused Serialized files (Serialized files now loaded: 0)
System memory in use before: 89.6 MB.
System memory in use after: 89.5 MB.

Unloading 14 unused Assets to reduce memory usage. Loaded Objects now: 2456.
Total: 1.846200 ms (FindLiveObjects: 0.222300 ms CreateObjectMapping: 0.042400 ms MarkObjects: 1.473900 ms  DeleteObjects: 0.106200 ms)

========================================================================
Received Prepare
Registering precompiled user dll's ...
Registered in 0.001843 seconds.
Begin MonoManager ReloadAssembly
Native extension for WindowsStandalone target not found
Refreshing native plugins compatible for Editor in 0.42 ms, found 1 plugins.
Preloading 0 native plugins for Editor in 0.00 ms.
Mono: successfully reloaded assembly
- Completed reload, in  0.706 seconds
Platform modules already initialized, skipping
Refreshing native plugins compatible for Editor in 0.44 ms, found 1 plugins.
Preloading 0 native plugins for Editor in 0.00 ms.
Unloading 1826 Unused Serialized files (Serialized files now loaded: 0)
System memory in use before: 89.6 MB.
System memory in use after: 89.5 MB.

Unloading 14 unused Assets to reduce memory usage. Loaded Objects now: 2460.
Total: 2.320100 ms (FindLiveObjects: 0.211000 ms CreateObjectMapping: 0.041900 ms MarkObjects: 1.924500 ms  DeleteObjects: 0.141300 ms)

========================================================================
Received Prepare
Registering precompiled user dll's ...
Registered in 0.001391 seconds.
Begin MonoManager ReloadAssembly
Native extension for WindowsStandalone target not found
Refreshing native plugins compatible for Editor in 0.42 ms, found 1 plugins.
Preloading 0 native plugins for Editor in 0.00 ms.
Mono: successfully reloaded assembly
- Completed reload, in  0.707 seconds
Platform modules already initialized, skipping
Refreshing native plugins compatible for Editor in 0.42 ms, found 1 plugins.
Preloading 0 native plugins for Editor in 0.00 ms.
Unloading 1826 Unused Serialized files (Serialized files now loaded: 0)
System memory in use before: 89.6 MB.
System memory in use after: 89.6 MB.

Unloading 14 unused Assets to reduce memory usage. Loaded Objects now: 2464.
Total: 1.776500 ms (FindLiveObjects: 0.193000 ms CreateObjectMapping: 0.041900 ms MarkObjects: 1.443600 ms  DeleteObjects: 0.097200 ms)

========================================================================
Received Prepare
Registering precompiled user dll's ...
Registered in 0.001414 seconds.
Begin MonoManager ReloadAssembly
Native extension for WindowsStandalone target not found
Refreshing native plugins compatible for Editor in 0.44 ms, found 1 plugins.
Preloading 0 native plugins for Editor in 0.00 ms.
Mono: successfully reloaded assembly
- Completed reload, in  0.709 seconds
Platform modules already initialized, skipping
Refreshing native plugins compatible for Editor in 0.44 ms, found 1 plugins.
Preloading 0 native plugins for Editor in 0.00 ms.
Unloading 1826 Unused Serialized files (Serialized files now loaded: 0)
System memory in use before: 89.6 MB.
System memory in use after: 89.6 MB.

Unloading 14 unused Assets to reduce memory usage. Loaded Objects now: 2468.
Total: 1.801400 ms (FindLiveObjects: 0.181400 ms CreateObjectMapping: 0.041900 ms MarkObjects: 1.478900 ms  DeleteObjects: 0.098300 ms)

========================================================================
Received Prepare
Registering precompiled user dll's ...
Registered in 0.001404 seconds.
Begin MonoManager ReloadAssembly
Native extension for WindowsStandalone target not found
Refreshing native plugins compatible for Editor in 0.44 ms, found 1 plugins.
Preloading 0 native plugins for Editor in 0.00 ms.
Mono: successfully reloaded assembly
- Completed reload, in  0.695 seconds
Platform modules already initialized, skipping
Refreshing native plugins compatible for Editor in 0.42 ms, found 1 plugins.
Preloading 0 native plugins for Editor in 0.00 ms.
Unloading 1826 Unused Serialized files (Serialized files now loaded: 0)
System memory in use before: 89.6 MB.
System memory in use after: 89.6 MB.

Unloading 14 unused Assets to reduce memory usage. Loaded Objects now: 2472.
Total: 1.788600 ms (FindLiveObjects: 0.188600 ms CreateObjectMapping: 0.042100 ms MarkObjects: 1.460400 ms  DeleteObjects: 0.096800 ms)

========================================================================
Received Prepare
Registering precompiled user dll's ...
Registered in 0.001524 seconds.
Begin MonoManager ReloadAssembly
Native extension for WindowsStandalone target not found
Refreshing native plugins compatible for Editor in 0.44 ms, found 1 plugins.
Preloading 0 native plugins for Editor in 0.00 ms.
Mono: successfully reloaded assembly
- Completed reload, in  0.702 seconds
Platform modules already initialized, skipping
Refreshing native plugins compatible for Editor in 0.45 ms, found 1 plugins.
Preloading 0 native plugins for Editor in 0.00 ms.
Unloading 1826 Unused Serialized files (Serialized files now loaded: 0)
System memory in use before: 89.6 MB.
System memory in use after: 89.6 MB.

Unloading 14 unused Assets to reduce memory usage. Loaded Objects now: 2476.
Total: 1.781800 ms (FindLiveObjects: 0.183300 ms CreateObjectMapping: 0.040600 ms MarkObjects: 1.462100 ms  DeleteObjects: 0.095100 ms)

========================================================================
Received Prepare
Registering precompiled user dll's ...
Registered in 0.001536 seconds.
Begin MonoManager ReloadAssembly
Native extension for WindowsStandalone target not found
Refreshing native plugins compatible for Editor in 0.45 ms, found 1 plugins.
Preloading 0 native plugins for Editor in 0.00 ms.
Mono: successfully reloaded assembly
- Completed reload, in  0.706 seconds
Platform modules already initialized, skipping
Refreshing native plugins compatible for Editor in 0.42 ms, found 1 plugins.
Preloading 0 native plugins for Editor in 0.00 ms.
Unloading 1826 Unused Serialized files (Serialized files now loaded: 0)
System memory in use before: 89.6 MB.
System memory in use after: 89.6 MB.

Unloading 14 unused Assets to reduce memory usage. Loaded Objects now: 2480.
Total: 1.790000 ms (FindLiveObjects: 0.187600 ms CreateObjectMapping: 0.041700 ms MarkObjects: 1.464500 ms  DeleteObjects: 0.095400 ms)

========================================================================
Received Prepare
Registering precompiled user dll's ...
Registered in 0.001497 seconds.
Begin MonoManager ReloadAssembly
Native extension for WindowsStandalone target not found
Refreshing native plugins compatible for Editor in 0.42 ms, found 1 plugins.
Preloading 0 native plugins for Editor in 0.00 ms.
Mono: successfully reloaded assembly
- Completed reload, in  0.707 seconds
Platform modules already initialized, skipping
Refreshing native plugins compatible for Editor in 0.41 ms, found 1 plugins.
Preloading 0 native plugins for Editor in 0.00 ms.
Unloading 1826 Unused Serialized files (Serialized files now loaded: 0)
System memory in use before: 89.6 MB.
System memory in use after: 89.6 MB.

Unloading 14 unused Assets to reduce memory usage. Loaded Objects now: 2484.
Total: 1.799200 ms (FindLiveObjects: 0.185500 ms CreateObjectMapping: 0.040200 ms MarkObjects: 1.472500 ms  DeleteObjects: 0.100000 ms)

========================================================================
Received Prepare
Registering precompiled user dll's ...
Registered in 0.001463 seconds.
Begin MonoManager ReloadAssembly
Native extension for WindowsStandalone target not found
Refreshing native plugins compatible for Editor in 0.44 ms, found 1 plugins.
Preloading 0 native plugins for Editor in 0.00 ms.
Mono: successfully reloaded assembly
- Completed reload, in  0.714 seconds
Platform modules already initialized, skipping
Refreshing native plugins compatible for Editor in 0.43 ms, found 1 plugins.
Preloading 0 native plugins for Editor in 0.00 ms.
Unloading 1826 Unused Serialized files (Serialized files now loaded: 0)
System memory in use before: 89.6 MB.
System memory in use after: 89.6 MB.

Unloading 14 unused Assets to reduce memory usage. Loaded Objects now: 2488.
Total: 1.823100 ms (FindLiveObjects: 0.190100 ms CreateObjectMapping: 0.042600 ms MarkObjects: 1.490000 ms  DeleteObjects: 0.099500 ms)

========================================================================
Received Import Request.
  Time since last request: 3142.775510 seconds.
  path: Assets/Scenes/TerceiraFase.unity
  artifactKey: Guid(ae7d539789ba01f4383b55905339d828) Importer(815301076,1909f56bfc062723c751e8b465ee728b)
Start importing Assets/Scenes/TerceiraFase.unity using Guid(ae7d539789ba01f4383b55905339d828) Importer(815301076,1909f56bfc062723c751e8b465ee728b)  -> (artifact id: 'c1cb2a60046aa1273c3717e24d2f6990') in 0.028298 seconds
  Import took 0.030928 seconds .

========================================================================
Received Import Request.
  Time since last request: 33.492879 seconds.
  path: Assets/Scenes/PrimeiraFase.unity
  artifactKey: Guid(2cda990e2423bbf4892e6590ba056729) Importer(815301076,1909f56bfc062723c751e8b465ee728b)
Start importing Assets/Scenes/PrimeiraFase.unity using Guid(2cda990e2423bbf4892e6590ba056729) Importer(815301076,1909f56bfc062723c751e8b465ee728b)  -> (artifact id: '01e1d0c9739a9e2a9f0f35bfcac4daa2') in 0.006402 seconds
  Import took 0.009244 seconds .

========================================================================
Received Prepare
Refreshing native plugins compatible for Editor in 1.94 ms, found 1 plugins.
Preloading 0 native plugins for Editor in 0.00 ms.
Unloading 12 Unused Serialized files (Serialized files now loaded: 0)
System memory in use before: 53.8 MB.
System memory in use after: 53.8 MB.

Unloading 12 unused Assets to reduce memory usage. Loaded Objects now: 2488.
Total: 2.226600 ms (FindLiveObjects: 0.213700 ms CreateObjectMapping: 0.044000 ms MarkObjects: 1.868600 ms  DeleteObjects: 0.099300 ms)

========================================================================
Received Prepare
Registering precompiled user dll's ...
Registered in 0.001705 seconds.
Begin MonoManager ReloadAssembly
Native extension for WindowsStandalone target not found
Refreshing native plugins compatible for Editor in 0.44 ms, found 1 plugins.
Preloading 0 native plugins for Editor in 0.00 ms.
Mono: successfully reloaded assembly
- Completed reload, in  0.713 seconds
Platform modules already initialized, skipping
Refreshing native plugins compatible for Editor in 0.42 ms, found 1 plugins.
Preloading 0 native plugins for Editor in 0.00 ms.
Unloading 1826 Unused Serialized files (Serialized files now loaded: 0)
System memory in use before: 89.7 MB.
System memory in use after: 89.6 MB.

Unloading 14 unused Assets to reduce memory usage. Loaded Objects now: 2492.
Total: 2.030100 ms (FindLiveObjects: 0.182200 ms CreateObjectMapping: 0.042100 ms MarkObjects: 1.699800 ms  DeleteObjects: 0.105100 ms)

========================================================================
Received Prepare
Registering precompiled user dll's ...
Registered in 0.001396 seconds.
Begin MonoManager ReloadAssembly
Native extension for WindowsStandalone target not found
Refreshing native plugins compatible for Editor in 0.42 ms, found 1 plugins.
Preloading 0 native plugins for Editor in 0.00 ms.
Mono: successfully reloaded assembly
- Completed reload, in  0.708 seconds
Platform modules already initialized, skipping
Refreshing native plugins compatible for Editor in 0.43 ms, found 1 plugins.
Preloading 0 native plugins for Editor in 0.00 ms.
Unloading 1826 Unused Serialized files (Serialized files now loaded: 0)
System memory in use before: 89.7 MB.
System memory in use after: 89.7 MB.

Unloading 14 unused Assets to reduce memory usage. Loaded Objects now: 2496.
Total: 1.814800 ms (FindLiveObjects: 0.181300 ms CreateObjectMapping: 0.040200 ms MarkObjects: 1.490400 ms  DeleteObjects: 0.102200 ms)

========================================================================
Received Prepare
Registering precompiled user dll's ...
Registered in 0.001427 seconds.
Begin MonoManager ReloadAssembly
Native extension for WindowsStandalone target not found
Refreshing native plugins compatible for Editor in 0.43 ms, found 1 plugins.
Preloading 0 native plugins for Editor in 0.00 ms.
Mono: successfully reloaded assembly
- Completed reload, in  0.720 seconds
Platform modules already initialized, skipping
Refreshing native plugins compatible for Editor in 0.44 ms, found 1 plugins.
Preloading 0 native plugins for Editor in 0.00 ms.
Unloading 1826 Unused Serialized files (Serialized files now loaded: 0)
System memory in use before: 89.7 MB.
System memory in use after: 89.7 MB.

Unloading 14 unused Assets to reduce memory usage. Loaded Objects now: 2500.
Total: 1.809300 ms (FindLiveObjects: 0.187700 ms CreateObjectMapping: 0.040300 ms MarkObjects: 1.474700 ms  DeleteObjects: 0.105800 ms)

========================================================================
Received Prepare
Registering precompiled user dll's ...
Registered in 0.001449 seconds.
Begin MonoManager ReloadAssembly
Native extension for WindowsStandalone target not found
Refreshing native plugins compatible for Editor in 0.44 ms, found 1 plugins.
Preloading 0 native plugins for Editor in 0.00 ms.
Mono: successfully reloaded assembly
- Completed reload, in  0.733 seconds
Platform modules already initialized, skipping
Refreshing native plugins compatible for Editor in 0.44 ms, found 1 plugins.
Preloading 0 native plugins for Editor in 0.00 ms.
Unloading 1826 Unused Serialized files (Serialized files now loaded: 0)
System memory in use before: 89.7 MB.
System memory in use after: 89.7 MB.

Unloading 14 unused Assets to reduce memory usage. Loaded Objects now: 2504.
Total: 1.872900 ms (FindLiveObjects: 0.222300 ms CreateObjectMapping: 0.041600 ms MarkObjects: 1.506800 ms  DeleteObjects: 0.101500 ms)

========================================================================
Received Prepare
Registering precompiled user dll's ...
Registered in 0.001922 seconds.
Begin MonoManager ReloadAssembly
Native extension for WindowsStandalone target not found
Refreshing native plugins compatible for Editor in 0.43 ms, found 1 plugins.
Preloading 0 native plugins for Editor in 0.00 ms.
Mono: successfully reloaded assembly
- Completed reload, in  0.703 seconds
Platform modules already initialized, skipping
Refreshing native plugins compatible for Editor in 0.42 ms, found 1 plugins.
Preloading 0 native plugins for Editor in 0.00 ms.
Unloading 1826 Unused Serialized files (Serialized files now loaded: 0)
System memory in use before: 89.7 MB.
System memory in use after: 89.7 MB.

Unloading 14 unused Assets to reduce memory usage. Loaded Objects now: 2508.
Total: 1.811200 ms (FindLiveObjects: 0.190000 ms CreateObjectMapping: 0.044900 ms MarkObjects: 1.475000 ms  DeleteObjects: 0.100500 ms)

========================================================================
Received Prepare
Registering precompiled user dll's ...
Registered in 0.001376 seconds.
Begin MonoManager ReloadAssembly
Native extension for WindowsStandalone target not found
Refreshing native plugins compatible for Editor in 0.48 ms, found 1 plugins.
Preloading 0 native plugins for Editor in 0.00 ms.
Mono: successfully reloaded assembly
- Completed reload, in  0.712 seconds
Platform modules already initialized, skipping
Refreshing native plugins compatible for Editor in 0.43 ms, found 1 plugins.
Preloading 0 native plugins for Editor in 0.00 ms.
Unloading 1826 Unused Serialized files (Serialized files now loaded: 0)
System memory in use before: 89.7 MB.
System memory in use after: 89.7 MB.

Unloading 14 unused Assets to reduce memory usage. Loaded Objects now: 2512.
Total: 1.950100 ms (FindLiveObjects: 0.267400 ms CreateObjectMapping: 0.043000 ms MarkObjects: 1.529000 ms  DeleteObjects: 0.109800 ms)

========================================================================
Received Prepare
Registering precompiled user dll's ...
Registered in 0.001481 seconds.
Begin MonoManager ReloadAssembly
Native extension for WindowsStandalone target not found
Refreshing native plugins compatible for Editor in 0.44 ms, found 1 plugins.
Preloading 0 native plugins for Editor in 0.00 ms.
Mono: successfully reloaded assembly
- Completed reload, in  0.701 seconds
Platform modules already initialized, skipping
Refreshing native plugins compatible for Editor in 0.45 ms, found 1 plugins.
Preloading 0 native plugins for Editor in 0.00 ms.
Unloading 1826 Unused Serialized files (Serialized files now loaded: 0)
System memory in use before: 89.7 MB.
System memory in use after: 89.7 MB.

Unloading 14 unused Assets to reduce memory usage. Loaded Objects now: 2516.
Total: 1.949800 ms (FindLiveObjects: 0.234500 ms CreateObjectMapping: 0.042800 ms MarkObjects: 1.561100 ms  DeleteObjects: 0.110100 ms)

========================================================================
Received Prepare
Registering precompiled user dll's ...
Registered in 0.001426 seconds.
Begin MonoManager ReloadAssembly
Native extension for WindowsStandalone target not found
Refreshing native plugins compatible for Editor in 0.47 ms, found 1 plugins.
Preloading 0 native plugins for Editor in 0.00 ms.
Mono: successfully reloaded assembly
- Completed reload, in  0.741 seconds
Platform modules already initialized, skipping
Refreshing native plugins compatible for Editor in 0.45 ms, found 1 plugins.
Preloading 0 native plugins for Editor in 0.00 ms.
Unloading 1828 Unused Serialized files (Serialized files now loaded: 0)
System memory in use before: 89.8 MB.
System memory in use after: 89.8 MB.

Unloading 14 unused Assets to reduce memory usage. Loaded Objects now: 2522.
Total: 2.256600 ms (FindLiveObjects: 0.262100 ms CreateObjectMapping: 0.044900 ms MarkObjects: 1.829700 ms  DeleteObjects: 0.118600 ms)

========================================================================
Received Prepare
Registering precompiled user dll's ...
Registered in 0.001497 seconds.
Begin MonoManager ReloadAssembly
Native extension for WindowsStandalone target not found
Refreshing native plugins compatible for Editor in 0.43 ms, found 1 plugins.
Preloading 0 native plugins for Editor in 0.00 ms.
Mono: successfully reloaded assembly
- Completed reload, in  0.722 seconds
Platform modules already initialized, skipping
Refreshing native plugins compatible for Editor in 0.43 ms, found 1 plugins.
Preloading 0 native plugins for Editor in 0.00 ms.
Unloading 1828 Unused Serialized files (Serialized files now loaded: 0)
System memory in use before: 89.8 MB.
System memory in use after: 89.8 MB.

Unloading 14 unused Assets to reduce memory usage. Loaded Objects now: 2526.
Total: 1.882500 ms (FindLiveObjects: 0.212200 ms CreateObjectMapping: 0.045800 ms MarkObjects: 1.522800 ms  DeleteObjects: 0.100700 ms)

========================================================================
Received Import Request.
  Time since last request: 1411.118931 seconds.
  path: Assets/Scenes/Menu.unity
  artifactKey: Guid(1c344bfdde73f4e40b5cf49c995c4223) Importer(815301076,1909f56bfc062723c751e8b465ee728b)
Start importing Assets/Scenes/Menu.unity using Guid(1c344bfdde73f4e40b5cf49c995c4223) Importer(815301076,1909f56bfc062723c751e8b465ee728b)  -> (artifact id: '45f5c8574a8ff3073a1ceafe7fc01c76') in 0.019689 seconds
  Import took 0.022563 seconds .

========================================================================
Received Import Request.
  Time since last request: 20.667354 seconds.
  path: Assets/Scenes/SegundaFase.unity
  artifactKey: Guid(c1a2d8ff3a5eb8d4c81a1d213e5fdcfa) Importer(815301076,1909f56bfc062723c751e8b465ee728b)
Start importing Assets/Scenes/SegundaFase.unity using Guid(c1a2d8ff3a5eb8d4c81a1d213e5fdcfa) Importer(815301076,1909f56bfc062723c751e8b465ee728b)  -> (artifact id: 'caac69a9d3fd6075e3c09430fa5d017a') in 0.005982 seconds
  Import took 0.008673 seconds .

========================================================================
Received Import Request.
  Time since last request: 20.363945 seconds.
  path: Assets/Scenes/TerceiraFase.unity
  artifactKey: Guid(ae7d539789ba01f4383b55905339d828) Importer(815301076,1909f56bfc062723c751e8b465ee728b)
Start importing Assets/Scenes/TerceiraFase.unity using Guid(ae7d539789ba01f4383b55905339d828) Importer(815301076,1909f56bfc062723c751e8b465ee728b)  -> (artifact id: 'e7df00201b589d095b540aaa533fedca') in 0.005951 seconds
  Import took 0.008871 seconds .

========================================================================
Received Import Request.
  Time since last request: 8.652156 seconds.
  path: Assets/Scenes/PrimeiraFase.unity
  artifactKey: Guid(2cda990e2423bbf4892e6590ba056729) Importer(815301076,1909f56bfc062723c751e8b465ee728b)
Start importing Assets/Scenes/PrimeiraFase.unity using Guid(2cda990e2423bbf4892e6590ba056729) Importer(815301076,1909f56bfc062723c751e8b465ee728b)  -> (artifact id: '33ef2ce1287f819a2b693c1f62ea0bbe') in 0.006216 seconds
  Import took 0.009004 seconds .

========================================================================
Received Prepare
Registering precompiled user dll's ...
Registered in 0.001466 seconds.
Begin MonoManager ReloadAssembly
Native extension for WindowsStandalone target not found
Refreshing native plugins compatible for Editor in 0.74 ms, found 1 plugins.
Preloading 0 native plugins for Editor in 0.00 ms.
Mono: successfully reloaded assembly
- Completed reload, in  1.300 seconds
Platform modules already initialized, skipping
Refreshing native plugins compatible for Editor in 0.52 ms, found 1 plugins.
Preloading 0 native plugins for Editor in 0.00 ms.
Unloading 1828 Unused Serialized files (Serialized files now loaded: 0)
System memory in use before: 89.8 MB.
System memory in use after: 89.8 MB.

Unloading 14 unused Assets to reduce memory usage. Loaded Objects now: 2530.
Total: 1.914600 ms (FindLiveObjects: 0.235600 ms CreateObjectMapping: 0.043400 ms MarkObjects: 1.522400 ms  DeleteObjects: 0.111900 ms)

========================================================================
Received Prepare
Refreshing native plugins compatible for Editor in 1.78 ms, found 1 plugins.
Preloading 0 native plugins for Editor in 0.00 ms.
Unloading 12 Unused Serialized files (Serialized files now loaded: 0)
System memory in use before: 53.9 MB.
System memory in use after: 53.9 MB.

Unloading 12 unused Assets to reduce memory usage. Loaded Objects now: 2530.
Total: 1.894400 ms (FindLiveObjects: 0.244400 ms CreateObjectMapping: 0.043800 ms MarkObjects: 1.510400 ms  DeleteObjects: 0.095200 ms)

========================================================================
Received Prepare
Registering precompiled user dll's ...
Registered in 0.001477 seconds.
Begin MonoManager ReloadAssembly
Native extension for WindowsStandalone target not found
Refreshing native plugins compatible for Editor in 0.44 ms, found 1 plugins.
Preloading 0 native plugins for Editor in 0.00 ms.
Mono: successfully reloaded assembly
- Completed reload, in  0.726 seconds
Platform modules already initialized, skipping
Refreshing native plugins compatible for Editor in 0.56 ms, found 1 plugins.
Preloading 0 native plugins for Editor in 0.00 ms.
Unloading 1828 Unused Serialized files (Serialized files now loaded: 0)
System memory in use before: 89.8 MB.
System memory in use after: 89.8 MB.

Unloading 14 unused Assets to reduce memory usage. Loaded Objects now: 2534.
Total: 1.955100 ms (FindLiveObjects: 0.209800 ms CreateObjectMapping: 0.041500 ms MarkObjects: 1.586600 ms  DeleteObjects: 0.116400 ms)

========================================================================
Received Prepare
Registering precompiled user dll's ...
Registered in 0.001456 seconds.
Begin MonoManager ReloadAssembly
Native extension for WindowsStandalone target not found
Refreshing native plugins compatible for Editor in 0.44 ms, found 1 plugins.
Preloading 0 native plugins for Editor in 0.00 ms.
Mono: successfully reloaded assembly
- Completed reload, in  0.739 seconds
Platform modules already initialized, skipping
Refreshing native plugins compatible for Editor in 0.43 ms, found 1 plugins.
Preloading 0 native plugins for Editor in 0.00 ms.
Unloading 1828 Unused Serialized files (Serialized files now loaded: 0)
System memory in use before: 89.9 MB.
System memory in use after: 89.8 MB.

Unloading 14 unused Assets to reduce memory usage. Loaded Objects now: 2538.
Total: 2.236600 ms (FindLiveObjects: 0.267800 ms CreateObjectMapping: 0.050300 ms MarkObjects: 1.808900 ms  DeleteObjects: 0.108300 ms)

